<?xml version="1.0" encoding="UTF-8"?>
<coverage generated="1668888556413" clover="3.2.0">
  <project timestamp="1668888556413" name="All files">
    <metrics statements="7" coveredstatements="7" conditionals="2" coveredconditionals="2" methods="5" coveredmethods="5" elements="14" coveredelements="14" complexity="0" loc="7" ncloc="7" packages="1" files="2" classes="2"/>
    <file name="array.js" path="/Users/brunorivolta/Desktop/Jest/array.js">
      <metrics statements="3" coveredstatements="3" conditionals="2" coveredconditionals="2" methods="1" coveredmethods="1"/>
      <line num="2" count="2" type="cond" truecount="2" falsecount="0"/>
      <line num="3" count="1" type="stmt"/>
      <line num="5" count="1" type="stmt"/>
    </file>
    <file name="math.js" path="/Users/brunorivolta/Desktop/Jest/math.js">
      <metrics statements="4" coveredstatements="4" conditionals="0" coveredconditionals="0" methods="4" coveredmethods="4"/>
      <line num="2" count="1" type="stmt"/>
      <line num="6" count="1" type="stmt"/>
      <line num="10" count="1" type="stmt"/>
      <line num="14" count="1" type="stmt"/>
    </file>
  </project>
</coverage>
